CRITICAL - 2023-08-17 09:06:42 --> Invalid file: "index.php"
in SYSTEMPATH\Exceptions\FrameworkException.php on line 33.
 1 SYSTEMPATH\View\View.php(212): CodeIgniter\Exceptions\FrameworkException::forInvalidFile('index.php')
 2 SYSTEMPATH\Common.php(1176): CodeIgniter\View\View->render('index', [], true)
 3 APPPATH\Controllers\Main.php(9): view('index')
 4 SYSTEMPATH\CodeIgniter.php(932): App\Controllers\Main->index()
 5 SYSTEMPATH\CodeIgniter.php(497): CodeIgniter\CodeIgniter->runController(Object(App\Controllers\Main))
 6 SYSTEMPATH\CodeIgniter.php(366): CodeIgniter\CodeIgniter->handleRequest(null, Object(Config\Cache), false)
 7 FCPATH\index.php(67): CodeIgniter\CodeIgniter->run()
 8 SYSTEMPATH\Commands\Server\rewrite.php(47): require_once('C:\\xampp\\htdocs\\MoHafidz\\public\\index.php')
CRITICAL - 2023-08-17 09:18:11 --> Invalid file: "data-santri.php"
in SYSTEMPATH\Exceptions\FrameworkException.php on line 33.
 1 SYSTEMPATH\View\View.php(212): CodeIgniter\Exceptions\FrameworkException::forInvalidFile('data-santri.php')
 2 SYSTEMPATH\Common.php(1176): CodeIgniter\View\View->render('data-santri', [], true)
 3 APPPATH\Controllers\Main.php(29): view('data-santri')
 4 SYSTEMPATH\CodeIgniter.php(932): App\Controllers\Main->dataSantri()
 5 SYSTEMPATH\CodeIgniter.php(497): CodeIgniter\CodeIgniter->runController(Object(App\Controllers\Main))
 6 SYSTEMPATH\CodeIgniter.php(366): CodeIgniter\CodeIgniter->handleRequest(null, Object(Config\Cache), false)
 7 FCPATH\index.php(67): CodeIgniter\CodeIgniter->run()
 8 SYSTEMPATH\Commands\Server\rewrite.php(47): require_once('C:\\xampp\\htdocs\\MoHafidz\\public\\index.php')
